This file contains any messages produced by compilers while
running configure, to aid debugging if configure makes a mistake.

It was created by examples configure 0.1, which was
generated by GNU Autoconf 2.69.  Invocation command line was

  $ ./configure 

## --------- ##
## Platform. ##
## --------- ##

hostname = domingo
uname -m = x86_64
uname -r = 4.15.0-47-generic
uname -s = Linux
uname -v = #50-Ubuntu SMP Wed Mar 13 10:44:52 UTC 2019

/usr/bin/uname -p = unknown
/bin/uname -X     = unknown

/bin/arch              = unknown
/usr/bin/arch -k       = unknown
/usr/convex/getsysinfo = unknown
/usr/bin/hostinfo      = unknown
/bin/machine           = unknown
/usr/bin/oslevel       = unknown
/bin/universe          = unknown

PATH: /usr/local/cuda-9.2/bin
PATH: /usr/local/sbin
PATH: /usr/local/bin
PATH: /usr/sbin
PATH: /usr/bin
PATH: /sbin
PATH: /bin
PATH: /usr/games
PATH: /usr/local/games
PATH: /snap/bin
PATH: /home/alfaceor/Dropbox/MyBins
PATH: /home/alfaceor/.config/composer/vendor/bin
PATH: /home/alfaceor/.local/bin
PATH: /opt/UGENE


## ----------- ##
## Core tests. ##
## ----------- ##

configure:2094: checking for g++
configure:2110: found /usr/bin/g++
configure:2121: result: g++
configure:2148: checking for C++ compiler version
configure:2157: g++ --version >&5
g++ (Ubuntu 7.3.0-27ubuntu1~18.04) 7.3.0
Copyright (C) 2017 Free Software Foundation, Inc.
This is free software; see the source for copying conditions.  There is NO
warranty; not even for MERCHANTABILITY or FITNESS FOR A PARTICULAR PURPOSE.

configure:2168: $? = 0
configure:2157: g++ -v >&5
Using built-in specs.
COLLECT_GCC=g++
COLLECT_LTO_WRAPPER=/usr/lib/gcc/x86_64-linux-gnu/7/lto-wrapper
OFFLOAD_TARGET_NAMES=nvptx-none
OFFLOAD_TARGET_DEFAULT=1
Target: x86_64-linux-gnu
Configured with: ../src/configure -v --with-pkgversion='Ubuntu 7.3.0-27ubuntu1~18.04' --with-bugurl=file:///usr/share/doc/gcc-7/README.Bugs --enable-languages=c,ada,c++,go,brig,d,fortran,objc,obj-c++ --prefix=/usr --with-gcc-major-version-only --program-suffix=-7 --program-prefix=x86_64-linux-gnu- --enable-shared --enable-linker-build-id --libexecdir=/usr/lib --without-included-gettext --enable-threads=posix --libdir=/usr/lib --enable-nls --with-sysroot=/ --enable-clocale=gnu --enable-libstdcxx-debug --enable-libstdcxx-time=yes --with-default-libstdcxx-abi=new --enable-gnu-unique-object --disable-vtable-verify --enable-libmpx --enable-plugin --enable-default-pie --with-system-zlib --with-target-system-zlib --enable-objc-gc=auto --enable-multiarch --disable-werror --with-arch-32=i686 --with-abi=m64 --with-multilib-list=m32,m64,mx32 --enable-multilib --with-tune=generic --enable-offload-targets=nvptx-none --without-cuda-driver --enable-checking=release --build=x86_64-linux-gnu --host=x86_64-linux-gnu --target=x86_64-linux-gnu
Thread model: posix
gcc version 7.3.0 (Ubuntu 7.3.0-27ubuntu1~18.04) 
configure:2168: $? = 0
configure:2157: g++ -V >&5
g++: error: unrecognized command line option '-V'
g++: fatal error: no input files
compilation terminated.
configure:2168: $? = 1
configure:2157: g++ -qversion >&5
g++: error: unrecognized command line option '-qversion'; did you mean '--version'?
g++: fatal error: no input files
compilation terminated.
configure:2168: $? = 1
configure:2188: checking whether the C++ compiler works
configure:2210: g++    conftest.cpp  >&5
configure:2214: $? = 0
configure:2262: result: yes
configure:2265: checking for C++ compiler default output file name
configure:2267: result: a.out
configure:2273: checking for suffix of executables
configure:2280: g++ -o conftest    conftest.cpp  >&5
configure:2284: $? = 0
configure:2306: result: 
configure:2328: checking whether we are cross compiling
configure:2336: g++ -o conftest    conftest.cpp  >&5
configure:2340: $? = 0
configure:2347: ./conftest
configure:2351: $? = 0
configure:2366: result: no
configure:2371: checking for suffix of object files
configure:2393: g++ -c   conftest.cpp >&5
configure:2397: $? = 0
configure:2418: result: o
configure:2422: checking whether we are using the GNU C++ compiler
configure:2441: g++ -c   conftest.cpp >&5
configure:2441: $? = 0
configure:2450: result: yes
configure:2459: checking whether g++ accepts -g
configure:2479: g++ -c -g  conftest.cpp >&5
configure:2479: $? = 0
configure:2520: result: yes
configure:2595: checking for gcc
configure:2611: found /usr/bin/gcc
configure:2622: result: gcc
configure:2851: checking for C compiler version
configure:2860: gcc --version >&5
gcc (Ubuntu 7.3.0-27ubuntu1~18.04) 7.3.0
Copyright (C) 2017 Free Software Foundation, Inc.
This is free software; see the source for copying conditions.  There is NO
warranty; not even for MERCHANTABILITY or FITNESS FOR A PARTICULAR PURPOSE.

configure:2871: $? = 0
configure:2860: gcc -v >&5
Using built-in specs.
COLLECT_GCC=gcc
COLLECT_LTO_WRAPPER=/usr/lib/gcc/x86_64-linux-gnu/7/lto-wrapper
OFFLOAD_TARGET_NAMES=nvptx-none
OFFLOAD_TARGET_DEFAULT=1
Target: x86_64-linux-gnu
Configured with: ../src/configure -v --with-pkgversion='Ubuntu 7.3.0-27ubuntu1~18.04' --with-bugurl=file:///usr/share/doc/gcc-7/README.Bugs --enable-languages=c,ada,c++,go,brig,d,fortran,objc,obj-c++ --prefix=/usr --with-gcc-major-version-only --program-suffix=-7 --program-prefix=x86_64-linux-gnu- --enable-shared --enable-linker-build-id --libexecdir=/usr/lib --without-included-gettext --enable-threads=posix --libdir=/usr/lib --enable-nls --with-sysroot=/ --enable-clocale=gnu --enable-libstdcxx-debug --enable-libstdcxx-time=yes --with-default-libstdcxx-abi=new --enable-gnu-unique-object --disable-vtable-verify --enable-libmpx --enable-plugin --enable-default-pie --with-system-zlib --with-target-system-zlib --enable-objc-gc=auto --enable-multiarch --disable-werror --with-arch-32=i686 --with-abi=m64 --with-multilib-list=m32,m64,mx32 --enable-multilib --with-tune=generic --enable-offload-targets=nvptx-none --without-cuda-driver --enable-checking=release --build=x86_64-linux-gnu --host=x86_64-linux-gnu --target=x86_64-linux-gnu
Thread model: posix
gcc version 7.3.0 (Ubuntu 7.3.0-27ubuntu1~18.04) 
configure:2871: $? = 0
configure:2860: gcc -V >&5
gcc: error: unrecognized command line option '-V'
gcc: fatal error: no input files
compilation terminated.
configure:2871: $? = 1
configure:2860: gcc -qversion >&5
gcc: error: unrecognized command line option '-qversion'; did you mean '--version'?
gcc: fatal error: no input files
compilation terminated.
configure:2871: $? = 1
configure:2875: checking whether we are using the GNU C compiler
configure:2894: gcc -c   conftest.c >&5
configure:2894: $? = 0
configure:2903: result: yes
configure:2912: checking whether gcc accepts -g
configure:2932: gcc -c -g  conftest.c >&5
configure:2932: $? = 0
configure:2973: result: yes
configure:2990: checking for gcc option to accept ISO C89
configure:3053: gcc  -c -g -O2  conftest.c >&5
configure:3053: $? = 0
configure:3066: result: none needed
configure:3092: checking how to run the C preprocessor
configure:3123: gcc -E  conftest.c
configure:3123: $? = 0
configure:3137: gcc -E  conftest.c
conftest.c:9:10: fatal error: ac_nonexistent.h: No such file or directory
 #include <ac_nonexistent.h>
          ^~~~~~~~~~~~~~~~~~
compilation terminated.
configure:3137: $? = 1
configure: failed program was:
| /* confdefs.h */
| #define PACKAGE_NAME "examples"
| #define PACKAGE_TARNAME "examples"
| #define PACKAGE_VERSION "0.1"
| #define PACKAGE_STRING "examples 0.1"
| #define PACKAGE_BUGREPORT "carlosolivares@id.uff.br"
| #define PACKAGE_URL ""
| /* end confdefs.h.  */
| #include <ac_nonexistent.h>
configure:3162: result: gcc -E
configure:3182: gcc -E  conftest.c
configure:3182: $? = 0
configure:3196: gcc -E  conftest.c
conftest.c:9:10: fatal error: ac_nonexistent.h: No such file or directory
 #include <ac_nonexistent.h>
          ^~~~~~~~~~~~~~~~~~
compilation terminated.
configure:3196: $? = 1
configure: failed program was:
| /* confdefs.h */
| #define PACKAGE_NAME "examples"
| #define PACKAGE_TARNAME "examples"
| #define PACKAGE_VERSION "0.1"
| #define PACKAGE_STRING "examples 0.1"
| #define PACKAGE_BUGREPORT "carlosolivares@id.uff.br"
| #define PACKAGE_URL ""
| /* end confdefs.h.  */
| #include <ac_nonexistent.h>
configure:3225: checking for grep that handles long lines and -e
configure:3283: result: /bin/grep
configure:3288: checking for egrep
configure:3350: result: /bin/grep -E
configure:3355: checking for ANSI C header files
configure:3375: gcc -c -g -O2  conftest.c >&5
configure:3375: $? = 0
configure:3448: gcc -o conftest -g -O2   conftest.c  >&5
configure:3448: $? = 0
configure:3448: ./conftest
configure:3448: $? = 0
configure:3459: result: yes
configure:3472: checking for sys/types.h
configure:3472: gcc -c -g -O2  conftest.c >&5
configure:3472: $? = 0
configure:3472: result: yes
configure:3472: checking for sys/stat.h
configure:3472: gcc -c -g -O2  conftest.c >&5
configure:3472: $? = 0
configure:3472: result: yes
configure:3472: checking for stdlib.h
configure:3472: gcc -c -g -O2  conftest.c >&5
configure:3472: $? = 0
configure:3472: result: yes
configure:3472: checking for string.h
configure:3472: gcc -c -g -O2  conftest.c >&5
configure:3472: $? = 0
configure:3472: result: yes
configure:3472: checking for memory.h
configure:3472: gcc -c -g -O2  conftest.c >&5
configure:3472: $? = 0
configure:3472: result: yes
configure:3472: checking for strings.h
configure:3472: gcc -c -g -O2  conftest.c >&5
configure:3472: $? = 0
configure:3472: result: yes
configure:3472: checking for inttypes.h
configure:3472: gcc -c -g -O2  conftest.c >&5
configure:3472: $? = 0
configure:3472: result: yes
configure:3472: checking for stdint.h
configure:3472: gcc -c -g -O2  conftest.c >&5
configure:3472: $? = 0
configure:3472: result: yes
configure:3472: checking for unistd.h
configure:3472: gcc -c -g -O2  conftest.c >&5
configure:3472: $? = 0
configure:3472: result: yes
configure:3486: checking for stdlib.h
configure:3486: result: yes
configure:3615: creating ./config.status

## ---------------------- ##
## Running config.status. ##
## ---------------------- ##

This file was extended by examples config.status 0.1, which was
generated by GNU Autoconf 2.69.  Invocation command line was

  CONFIG_FILES    = 
  CONFIG_HEADERS  = 
  CONFIG_LINKS    = 
  CONFIG_COMMANDS = 
  $ ./config.status 

on domingo

config.status:661: error: cannot find input file: `config.h.in'

## ---------------- ##
## Cache variables. ##
## ---------------- ##

ac_cv_c_compiler_gnu=yes
ac_cv_cxx_compiler_gnu=yes
ac_cv_env_CCC_set=
ac_cv_env_CCC_value=
ac_cv_env_CC_set=
ac_cv_env_CC_value=
ac_cv_env_CFLAGS_set=
ac_cv_env_CFLAGS_value=
ac_cv_env_CPPFLAGS_set=
ac_cv_env_CPPFLAGS_value=
ac_cv_env_CPP_set=
ac_cv_env_CPP_value=
ac_cv_env_CXXFLAGS_set=
ac_cv_env_CXXFLAGS_value=
ac_cv_env_CXX_set=
ac_cv_env_CXX_value=
ac_cv_env_LDFLAGS_set=
ac_cv_env_LDFLAGS_value=
ac_cv_env_LIBS_set=
ac_cv_env_LIBS_value=
ac_cv_env_build_alias_set=
ac_cv_env_build_alias_value=
ac_cv_env_host_alias_set=
ac_cv_env_host_alias_value=
ac_cv_env_target_alias_set=
ac_cv_env_target_alias_value=
ac_cv_header_inttypes_h=yes
ac_cv_header_memory_h=yes
ac_cv_header_stdc=yes
ac_cv_header_stdint_h=yes
ac_cv_header_stdlib_h=yes
ac_cv_header_string_h=yes
ac_cv_header_strings_h=yes
ac_cv_header_sys_stat_h=yes
ac_cv_header_sys_types_h=yes
ac_cv_header_unistd_h=yes
ac_cv_objext=o
ac_cv_path_EGREP='/bin/grep -E'
ac_cv_path_GREP=/bin/grep
ac_cv_prog_CPP='gcc -E'
ac_cv_prog_ac_ct_CC=gcc
ac_cv_prog_ac_ct_CXX=g++
ac_cv_prog_cc_c89=
ac_cv_prog_cc_g=yes
ac_cv_prog_cxx_g=yes

## ----------------- ##
## Output variables. ##
## ----------------- ##

CC='gcc'
CFLAGS='-g -O2'
CPP='gcc -E'
CPPFLAGS=''
CXX='g++'
CXXFLAGS='-g -O2'
DEFS='-DHAVE_CONFIG_H'
ECHO_C=''
ECHO_N='-n'
ECHO_T=''
EGREP='/bin/grep -E'
EXEEXT=''
GREP='/bin/grep'
LDFLAGS=''
LIBOBJS=''
LIBS=''
LTLIBOBJS=''
OBJEXT='o'
PACKAGE_BUGREPORT='carlosolivares@id.uff.br'
PACKAGE_NAME='examples'
PACKAGE_STRING='examples 0.1'
PACKAGE_TARNAME='examples'
PACKAGE_URL=''
PACKAGE_VERSION='0.1'
PATH_SEPARATOR=':'
SHELL='/bin/bash'
ac_ct_CC='gcc'
ac_ct_CXX='g++'
bindir='${exec_prefix}/bin'
build_alias=''
datadir='${datarootdir}'
datarootdir='${prefix}/share'
docdir='${datarootdir}/doc/${PACKAGE_TARNAME}'
dvidir='${docdir}'
exec_prefix='${prefix}'
host_alias=''
htmldir='${docdir}'
includedir='${prefix}/include'
infodir='${datarootdir}/info'
libdir='${exec_prefix}/lib'
libexecdir='${exec_prefix}/libexec'
localedir='${datarootdir}/locale'
localstatedir='${prefix}/var'
mandir='${datarootdir}/man'
oldincludedir='/usr/include'
pdfdir='${docdir}'
prefix='/usr/local'
program_transform_name='s,x,x,'
psdir='${docdir}'
runstatedir='${localstatedir}/run'
sbindir='${exec_prefix}/sbin'
sharedstatedir='${prefix}/com'
sysconfdir='${prefix}/etc'
target_alias=''

## ----------- ##
## confdefs.h. ##
## ----------- ##

/* confdefs.h */
#define PACKAGE_NAME "examples"
#define PACKAGE_TARNAME "examples"
#define PACKAGE_VERSION "0.1"
#define PACKAGE_STRING "examples 0.1"
#define PACKAGE_BUGREPORT "carlosolivares@id.uff.br"
#define PACKAGE_URL ""
#define STDC_HEADERS 1
#define HAVE_SYS_TYPES_H 1
#define HAVE_SYS_STAT_H 1
#define HAVE_STDLIB_H 1
#define HAVE_STRING_H 1
#define HAVE_MEMORY_H 1
#define HAVE_STRINGS_H 1
#define HAVE_INTTYPES_H 1
#define HAVE_STDINT_H 1
#define HAVE_UNISTD_H 1
#define HAVE_STDLIB_H 1

configure: exit 1
